2023-02-27 09:53:46.018  INFO 15644 --- [restartedMain] in.ap.Application                        : Starting Application using Java 1.8.0_361 on Akshay_Patil_AP with PID 15644 (F:\spring sts location\02_Reports_Api\target\classes started by User in F:\spring sts location\02_Reports_Api)
2023-02-27 09:53:46.021  INFO 15644 --- [restartedMain] in.ap.Application                        : No active profile set, falling back to 1 default profile: "default"
2023-02-27 09:53:46.163  INFO 15644 --- [restartedMain] .e.DevToolsPropertyDefaultsPostProcessor : Devtools property defaults active! Set 'spring.devtools.add-properties' to 'false' to disable
2023-02-27 09:53:46.164  INFO 15644 --- [restartedMain] .e.DevToolsPropertyDefaultsPostProcessor : For additional web related logging consider setting the 'logging.level.web' property to 'DEBUG'
2023-02-27 09:53:48.156  INFO 15644 --- [restartedMain] .s.d.r.c.RepositoryConfigurationDelegate : Bootstrapping Spring Data JPA repositories in DEFAULT mode.
2023-02-27 09:53:48.185  INFO 15644 --- [restartedMain] .s.d.r.c.RepositoryConfigurationDelegate : Finished Spring Data repository scanning in 11 ms. Found 0 JPA repository interfaces.
2023-02-27 09:53:50.734  INFO 15644 --- [restartedMain] o.s.b.w.embedded.tomcat.TomcatWebServer  : Tomcat initialized with port(s): 9090 (http)
2023-02-27 09:53:50.777  INFO 15644 --- [restartedMain] o.apache.catalina.core.StandardService   : Starting service [Tomcat]
2023-02-27 09:53:50.779  INFO 15644 --- [restartedMain] org.apache.catalina.core.StandardEngine  : Starting Servlet engine: [Apache Tomcat/9.0.71]
2023-02-27 09:53:51.148  INFO 15644 --- [restartedMain] o.a.c.c.C.[Tomcat].[localhost].[/]       : Initializing Spring embedded WebApplicationContext
2023-02-27 09:53:51.148  INFO 15644 --- [restartedMain] w.s.c.ServletWebServerApplicationContext : Root WebApplicationContext: initialization completed in 4983 ms
2023-02-27 09:53:51.979  INFO 15644 --- [restartedMain] o.hibernate.jpa.internal.util.LogHelper  : HHH000204: Processing PersistenceUnitInfo [name: default]
2023-02-27 09:53:52.322  INFO 15644 --- [restartedMain] org.hibernate.Version                    : HHH000412: Hibernate ORM core version 5.6.15.Final
2023-02-27 09:53:53.990  INFO 15644 --- [restartedMain] o.hibernate.annotations.common.Version   : HCANN000001: Hibernate Commons Annotations {5.1.2.Final}
2023-02-27 09:53:54.426  INFO 15644 --- [restartedMain] com.zaxxer.hikari.HikariDataSource       : HikariPool-1 - Starting...
2023-02-27 09:53:56.315  INFO 15644 --- [restartedMain] com.zaxxer.hikari.HikariDataSource       : HikariPool-1 - Start completed.
2023-02-27 09:53:56.448  INFO 15644 --- [restartedMain] org.hibernate.dialect.Dialect            : HHH000400: Using dialect: org.hibernate.dialect.MySQL8Dialect
2023-02-27 09:53:57.664  INFO 15644 --- [restartedMain] o.h.e.t.j.p.i.JtaPlatformInitiator       : HHH000490: Using JtaPlatform implementation: [org.hibernate.engine.transaction.jta.platform.internal.NoJtaPlatform]
2023-02-27 09:53:57.716  INFO 15644 --- [restartedMain] j.LocalContainerEntityManagerFactoryBean : Initialized JPA EntityManagerFactory for persistence unit 'default'
2023-02-27 09:53:58.252  WARN 15644 --- [restartedMain] JpaBaseConfiguration$JpaWebConfiguration : spring.jpa.open-in-view is enabled by default. Therefore, database queries may be performed during view rendering. Explicitly configure spring.jpa.open-in-view to disable this warning
2023-02-27 09:54:00.295  INFO 15644 --- [restartedMain] o.s.b.d.a.OptionalLiveReloadServer       : LiveReload server is running on port 35729
2023-02-27 09:54:00.426  INFO 15644 --- [restartedMain] o.s.b.w.embedded.tomcat.TomcatWebServer  : Tomcat started on port(s): 9090 (http) with context path ''
2023-02-27 09:54:00.457  INFO 15644 --- [restartedMain] in.ap.Application                        : Started Application in 16.549 seconds (JVM running for 20.643)
2023-02-27 09:54:24.631  INFO 15644 --- [File Watcher] rtingClassPathChangeChangedEventListener : Restarting due to 5 class path changes (0 additions, 0 deletions, 5 modifications)
2023-02-27 09:54:25.468  INFO 15644 --- [Thread-7] o.apache.catalina.core.StandardService   : Stopping service [Tomcat]
2023-02-27 09:54:25.563  INFO 15644 --- [Thread-7] j.LocalContainerEntityManagerFactoryBean : Closing JPA EntityManagerFactory for persistence unit 'default'
2023-02-27 09:54:25.611  INFO 15644 --- [Thread-7] com.zaxxer.hikari.HikariDataSource       : HikariPool-1 - Shutdown initiated...
2023-02-27 09:54:25.774  INFO 15644 --- [Thread-7] com.zaxxer.hikari.HikariDataSource       : HikariPool-1 - Shutdown completed.
2023-02-27 09:54:26.300  INFO 15644 --- [restartedMain] in.ap.Application                        : Starting Application using Java 1.8.0_361 on Akshay_Patil_AP with PID 15644 (F:\spring sts location\02_Reports_Api\target\classes started by User in F:\spring sts location\02_Reports_Api)
2023-02-27 09:54:26.303  INFO 15644 --- [restartedMain] in.ap.Application                        : No active profile set, falling back to 1 default profile: "default"
2023-02-27 09:54:27.006  INFO 15644 --- [restartedMain] .s.d.r.c.RepositoryConfigurationDelegate : Bootstrapping Spring Data JPA repositories in DEFAULT mode.
2023-02-27 09:54:27.009  INFO 15644 --- [restartedMain] .s.d.r.c.RepositoryConfigurationDelegate : Finished Spring Data repository scanning in 2 ms. Found 0 JPA repository interfaces.
2023-02-27 09:54:27.160  INFO 15644 --- [restartedMain] o.s.b.w.embedded.tomcat.TomcatWebServer  : Tomcat initialized with port(s): 9090 (http)
2023-02-27 09:54:27.161  INFO 15644 --- [restartedMain] o.apache.catalina.core.StandardService   : Starting service [Tomcat]
2023-02-27 09:54:27.162  INFO 15644 --- [restartedMain] org.apache.catalina.core.StandardEngine  : Starting Servlet engine: [Apache Tomcat/9.0.71]
2023-02-27 09:54:27.197  INFO 15644 --- [restartedMain] o.a.c.c.C.[Tomcat].[localhost].[/]       : Initializing Spring embedded WebApplicationContext
2023-02-27 09:54:27.198  INFO 15644 --- [restartedMain] w.s.c.ServletWebServerApplicationContext : Root WebApplicationContext: initialization completed in 872 ms
2023-02-27 09:54:27.254  INFO 15644 --- [restartedMain] o.hibernate.jpa.internal.util.LogHelper  : HHH000204: Processing PersistenceUnitInfo [name: default]
2023-02-27 09:54:27.260  INFO 15644 --- [restartedMain] com.zaxxer.hikari.HikariDataSource       : HikariPool-2 - Starting...
2023-02-27 09:54:27.558  INFO 15644 --- [restartedMain] com.zaxxer.hikari.HikariDataSource       : HikariPool-2 - Start completed.
2023-02-27 09:54:27.559  INFO 15644 --- [restartedMain] org.hibernate.dialect.Dialect            : HHH000400: Using dialect: org.hibernate.dialect.MySQL8Dialect
2023-02-27 09:54:28.059  INFO 15644 --- [restartedMain] o.h.e.t.j.p.i.JtaPlatformInitiator       : HHH000490: Using JtaPlatform implementation: [org.hibernate.engine.transaction.jta.platform.internal.NoJtaPlatform]
2023-02-27 09:54:28.060  INFO 15644 --- [restartedMain] j.LocalContainerEntityManagerFactoryBean : Initialized JPA EntityManagerFactory for persistence unit 'default'
2023-02-27 09:54:28.160  WARN 15644 --- [restartedMain] JpaBaseConfiguration$JpaWebConfiguration : spring.jpa.open-in-view is enabled by default. Therefore, database queries may be performed during view rendering. Explicitly configure spring.jpa.open-in-view to disable this warning
2023-02-27 09:54:29.073  INFO 15644 --- [restartedMain] o.s.b.d.a.OptionalLiveReloadServer       : LiveReload server is running on port 35729
2023-02-27 09:54:29.120  INFO 15644 --- [restartedMain] o.s.b.w.embedded.tomcat.TomcatWebServer  : Tomcat started on port(s): 9090 (http) with context path ''
2023-02-27 09:54:29.131  INFO 15644 --- [restartedMain] in.ap.Application                        : Started Application in 2.971 seconds (JVM running for 49.316)
2023-02-27 09:54:29.136  INFO 15644 --- [restartedMain] .ConditionEvaluationDeltaLoggingListener : Condition evaluation unchanged
2023-02-27 09:54:30.212  INFO 15644 --- [RMI TCP Connection(2)-127.0.0.1] inMXBeanRegistrar$SpringApplicationAdmin : Application shutdown requested.
2023-02-27 09:54:30.749  INFO 15644 --- [RMI TCP Connection(2)-127.0.0.1] o.apache.catalina.core.StandardService   : Stopping service [Tomcat]
2023-02-27 09:54:30.768  INFO 15644 --- [RMI TCP Connection(2)-127.0.0.1] j.LocalContainerEntityManagerFactoryBean : Closing JPA EntityManagerFactory for persistence unit 'default'
2023-02-27 09:54:30.770  INFO 15644 --- [RMI TCP Connection(2)-127.0.0.1] com.zaxxer.hikari.HikariDataSource       : HikariPool-2 - Shutdown initiated...
2023-02-27 09:54:30.794  INFO 15644 --- [RMI TCP Connection(2)-127.0.0.1] com.zaxxer.hikari.HikariDataSource       : HikariPool-2 - Shutdown completed.
